#
# There is insufficient memory for the Java Runtime Environment to continue.
# Native memory allocation (malloc) failed to allocate 950336 bytes for Chunk::new
# Possible reasons:
#   The system is out of physical RAM or swap space
#   The process is running with CompressedOops enabled, and the Java Heap may be blocking the growth of the native heap
# Possible solutions:
#   Reduce memory load on the system
#   Increase physical memory or swap space
#   Check if swap backing store is full
#   Decrease Java heap size (-Xmx/-Xms)
#   Decrease number of Java threads
#   Decrease Java thread stack sizes (-Xss)
#   Set larger code cache with -XX:ReservedCodeCacheSize=
#   JVM is running with Unscaled Compressed Oops mode in which the Java heap is
#     placed in the first 4GB address space. The Java Heap base address is the
#     maximum limit for the native heap growth. Please use -XX:HeapBaseMinAddress
#     to set the Java Heap base and to place the Java Heap above 4GB virtual address.
# This output file may be truncated or incomplete.
#
#  Out of Memory Error (allocation.cpp:389), pid=12760, tid=0x0000000000000080
#
# JRE version: OpenJDK Runtime Environment (8.0_212-b04) (build 1.8.0_212-release-1586-b04)
# Java VM: OpenJDK 64-Bit Server VM (25.212-b04 mixed mode windows-amd64 compressed oops)
# Failed to write core dump. Minidumps are not enabled by default on client versions of Windows
#

---------------  T H R E A D  ---------------

Current thread (0x0000000016761000):  JavaThread "C2 CompilerThread1" daemon [_thread_in_native, id=128, stack(0x0000000018240000,0x0000000018340000)]

Stack: [0x0000000018240000,0x0000000018340000]
[error occurred during error reporting (printing stack bounds), id 0xc0000005]

Native frames: (J=compiled Java code, j=interpreted, Vv=VM code, C=native code)


Current CompileTask:
C2:   1940 1417       4       java.net.URLClassLoader$1::run (5 bytes)


---------------  P R O C E S S  ---------------

Java Threads: ( => current thread )
  0x000000001a234000 JavaThread "Cache worker for journal cache (C:\Users\User\.gradle\caches\journal-1)" [_thread_blocked, id=15204, stack(0x000000001c1b0000,0x000000001c2b0000)]
  0x000000001a233800 JavaThread "File lock request listener" [_thread_in_native, id=3608, stack(0x000000001bfb0000,0x000000001c0b0000)]
  0x000000001a21b000 JavaThread "Cache worker for file hash cache (C:\Users\User\.gradle\caches\5.6.4\fileHashes)" [_thread_blocked, id=14772, stack(0x000000001beb0000,0x000000001bfb0000)]
  0x0000000019fce000 JavaThread "Thread-9" [_thread_blocked, id=3256, stack(0x000000001bbb0000,0x000000001bcb0000)]
  0x0000000019fca800 JavaThread "Stdin handler" [_thread_blocked, id=4916, stack(0x000000001bab0000,0x000000001bbb0000)]
  0x0000000019fae800 JavaThread "Asynchronous log dispatcher for DefaultDaemonConnection: socket connection from /127.0.0.1:4834 to /127.0.0.1:4835" [_thread_blocked, id=3236, stack(0x000000001b9b0000,0x000000001bab0000)]
  0x0000000019fab800 JavaThread "Daemon worker" [_thread_in_vm, id=8272, stack(0x000000001b8b0000,0x000000001b9b0000)]
  0x0000000019fb2000 JavaThread "Cancel handler" [_thread_blocked, id=10212, stack(0x000000001b7b0000,0x000000001b8b0000)]
  0x0000000019f87000 JavaThread "Handler for socket connection from /127.0.0.1:4834 to /127.0.0.1:4835" [_thread_in_native, id=15892, stack(0x000000001b4b0000,0x000000001b5b0000)]
  0x0000000019f7d800 JavaThread "Daemon" [_thread_blocked, id=6896, stack(0x000000001b3b0000,0x000000001b4b0000)]
  0x0000000018939000 JavaThread "Daemon periodic checks" [_thread_blocked, id=10180, stack(0x000000001b2b0000,0x000000001b3b0000)]
  0x00000000187b5800 JavaThread "Incoming local TCP Connector on port 4834" [_thread_in_native, id=11816, stack(0x000000001b0e0000,0x000000001b1e0000)]
  0x0000000019eb6800 JavaThread "Daemon health stats" [_thread_blocked, id=8372, stack(0x000000001ade0000,0x000000001aee0000)]
  0x0000000017bcc000 JavaThread "Service Thread" daemon [_thread_blocked, id=4104, stack(0x0000000018440000,0x0000000018540000)]
  0x00000000167ac800 JavaThread "C1 CompilerThread2" daemon [_thread_blocked, id=15500, stack(0x0000000018340000,0x0000000018440000)]
=>0x0000000016761000 JavaThread "C2 CompilerThread1" daemon [_thread_in_native, id=128, stack(0x0000000018240000,0x0000000018340000)]
  0x00000000167a8000 JavaThread "C2 CompilerThread0" daemon [_thread_in_native, id=15888, stack(0x0000000018140000,0x0000000018240000)]
  0x00000000167a7800 JavaThread "Attach Listener" daemon [_thread_blocked, id=460, stack(0x0000000018040000,0x0000000018140000)]
  0x0000000016746800 JavaThread "Signal Dispatcher" daemon [_thread_blocked, id=12628, stack(0x0000000017f40000,0x0000000018040000)]
  0x0000000002ddb000 JavaThread "Finalizer" daemon [_thread_blocked, id=11012, stack(0x00000000179b0000,0x0000000017ab0000)]
  0x0000000016739000 JavaThread "Reference Handler" daemon [_thread_blocked, id=15720, stack(0x00000000178b0000,0x00000000179b0000)]
  0x0000000002cde000 JavaThread "main" [_thread_blocked, id=9232, stack(0x0000000002b80000,0x0000000002c80000)]

Other Threads:
  0x0000000016716000 VMThread [stack: 0x00000000177b0000,0x00000000178b0000] [id=2392]
  0x0000000017bcc800 WatcherThread [stack: 0x0000000018540000,0x0000000018640000] [id=15364]

VM state:not at safepoint (normal execution)

VM Mutex/Monitor currently owned by a thread: None

heap address: 0x00000000a0000000, size: 1536 MB, Compressed Oops mode: 32-bit
Narrow klass base: 0x0000000000000000, Narrow klass shift: 3
Compressed class space size: 1073741824 Address: 0x0000000100000000

Heap:
 PSYoungGen      total 33280K, used 16638K [0x00000000e0000000, 0x00000000e4a00000, 0x0000000100000000)
  eden space 28672K, 41% used [0x00000000e0000000,0x00000000e0bc12d8,0x00000000e1c00000)
  from space 4608K, 99% used [0x00000000e1c00000,0x00000000e207e640,0x00000000e2080000)
  to   space 9216K, 0% used [0x00000000e4100000,0x00000000e4100000,0x00000000e4a00000)
 ParOldGen       total 76800K, used 6523K [0x00000000a0000000, 0x00000000a4b00000, 0x00000000e0000000)
  object space 76800K, 8% used [0x00000000a0000000,0x00000000a065ed40,0x00000000a4b00000)
 Metaspace       used 16988K, capacity 17498K, committed 17792K, reserved 1064960K
  class space    used 2418K, capacity 2599K, committed 2688K, reserved 1048576K

Card table byte_map: [0x00000000121a0000,0x00000000124b0000] byte_map_base: 0x0000000011ca0000

Marking Bits: (ParMarkBitMap*) 0x00000000658f9f30
 Begin Bits: [0x0000000012ab0000, 0x00000000142b0000)
 End Bits:   [0x00000000142b0000, 0x0000000015ab0000)

Polling page: 0x0000000001000000

CodeCache: size=245760Kb used=5422Kb max_used=5422Kb free=240337Kb
 bounds [0x0000000002de0000, 0x0000000003330000, 0x0000000011de0000]
 total_blobs=1959 nmethods=1559 adapters=314
 compilation: enabled

Compilation events (10 events):
Event: 1.859 Thread 0x00000000167ac800 1561       3       sun.misc.ProxyGenerator::access$900 (5 bytes)
Event: 1.859 Thread 0x00000000167ac800 nmethod 1561 0x0000000003327a10 code [0x0000000003327b80, 0x0000000003327de8]
Event: 1.889 Thread 0x00000000167ac800 1562       1       java.util.concurrent.atomic.AtomicInteger::get (5 bytes)
Event: 1.889 Thread 0x00000000167ac800 nmethod 1562 0x0000000003329090 code [0x00000000033291e0, 0x00000000033292f0]
Event: 1.895 Thread 0x00000000167ac800 1563       3       org.objectweb.asm.SymbolTable::get (13 bytes)
Event: 1.895 Thread 0x00000000167ac800 nmethod 1563 0x0000000003329350 code [0x00000000033294a0, 0x0000000003329630]
Event: 1.916 Thread 0x00000000167ac800 1564   !   3       java.lang.StringCoding::decode (120 bytes)
Event: 1.917 Thread 0x00000000167ac800 nmethod 1564 0x0000000003329910 code [0x0000000003329c40, 0x000000000332b658]
Event: 1.927 Thread 0x00000000167ac800 1565  s    3       java.io.ExpiringCache::get (39 bytes)
Event: 1.927 Thread 0x00000000167ac800 nmethod 1565 0x000000000332c510 code [0x000000000332c6a0, 0x000000000332cad8]

GC Heap History (10 events):
Event: 0.658 GC heap before
{Heap before GC invocations=1 (full 0):
 PSYoungGen      total 33280K, used 28672K [0x00000000e0000000, 0x00000000e2500000, 0x0000000100000000)
  eden space 28672K, 100% used [0x00000000e0000000,0x00000000e1c00000,0x00000000e1c00000)
  from space 4608K, 0% used [0x00000000e2080000,0x00000000e2080000,0x00000000e2500000)
  to   space 4608K, 0% used [0x00000000e1c00000,0x00000000e1c00000,0x00000000e2080000)
 ParOldGen       total 76800K, used 0K [0x00000000a0000000, 0x00000000a4b00000, 0x00000000e0000000)
  object space 76800K, 0% used [0x00000000a0000000,0x00000000a0000000,0x00000000a4b00000)
 Metaspace       used 7071K, capacity 7356K, committed 7680K, reserved 1056768K
  class space    used 861K, capacity 944K, committed 1024K, reserved 1048576K
Event: 0.663 GC heap after
Heap after GC invocations=1 (full 0):
 PSYoungGen      total 33280K, used 4515K [0x00000000e0000000, 0x00000000e2500000, 0x0000000100000000)
  eden space 28672K, 0% used [0x00000000e0000000,0x00000000e0000000,0x00000000e1c00000)
  from space 4608K, 97% used [0x00000000e1c00000,0x00000000e2068ed0,0x00000000e2080000)
  to   space 4608K, 0% used [0x00000000e2080000,0x00000000e2080000,0x00000000e2500000)
 ParOldGen       total 76800K, used 8K [0x00000000a0000000, 0x00000000a4b00000, 0x00000000e0000000)
  object space 76800K, 0% used [0x00000000a0000000,0x00000000a0002000,0x00000000a4b00000)
 Metaspace       used 7071K, capacity 7356K, committed 7680K, reserved 1056768K
  class space    used 861K, capacity 944K, committed 1024K, reserved 1048576K
}
Event: 0.921 GC heap before
{Heap before GC invocations=2 (full 0):
 PSYoungGen      total 33280K, used 33187K [0x00000000e0000000, 0x00000000e2500000, 0x0000000100000000)
  eden space 28672K, 100% used [0x00000000e0000000,0x00000000e1c00000,0x00000000e1c00000)
  from space 4608K, 97% used [0x00000000e1c00000,0x00000000e2068ed0,0x00000000e2080000)
  to   space 4608K, 0% used [0x00000000e2080000,0x00000000e2080000,0x00000000e2500000)
 ParOldGen       total 76800K, used 8K [0x00000000a0000000, 0x00000000a4b00000, 0x00000000e0000000)
  object space 76800K, 0% used [0x00000000a0000000,0x00000000a0002000,0x00000000a4b00000)
 Metaspace       used 7247K, capacity 7548K, committed 7680K, reserved 1056768K
  class space    used 870K, capacity 944K, committed 1024K, reserved 1048576K
Event: 0.923 GC heap after
Heap after GC invocations=2 (full 0):
 PSYoungGen      total 33280K, used 3210K [0x00000000e0000000, 0x00000000e2500000, 0x0000000100000000)
  eden space 28672K, 0% used [0x00000000e0000000,0x00000000e0000000,0x00000000e1c00000)
  from space 4608K, 69% used [0x00000000e2080000,0x00000000e23a2b00,0x00000000e2500000)
  to   space 4608K, 0% used [0x00000000e1c00000,0x00000000e1c00000,0x00000000e2080000)
 ParOldGen       total 76800K, used 16K [0x00000000a0000000, 0x00000000a4b00000, 0x00000000e0000000)
  object space 76800K, 0% used [0x00000000a0000000,0x00000000a0004000,0x00000000a4b00000)
 Metaspace       used 7247K, capacity 7548K, committed 7680K, reserved 1056768K
  class space    used 870K, capacity 944K, committed 1024K, reserved 1048576K
}
Event: 1.324 GC heap before
{Heap before GC invocations=3 (full 0):
 PSYoungGen      total 33280K, used 31882K [0x00000000e0000000, 0x00000000e2500000, 0x0000000100000000)
  eden space 28672K, 100% used [0x00000000e0000000,0x00000000e1c00000,0x00000000e1c00000)
  from space 4608K, 69% used [0x00000000e2080000,0x00000000e23a2b00,0x00000000e2500000)
  to   space 4608K, 0% used [0x00000000e1c00000,0x00000000e1c00000,0x00000000e2080000)
 ParOldGen       total 76800K, used 16K [0x00000000a0000000, 0x00000000a4b00000, 0x00000000e0000000)
  object space 76800K, 0% used [0x00000000a0000000,0x00000000a0004000,0x00000000a4b00000)
 Metaspace       used 10527K, capacity 10864K, committed 11008K, reserved 1058816K
  class space    used 1382K, capacity 1490K, committed 1536K, reserved 1048576K
Event: 1.328 GC heap after
Heap after GC invocations=3 (full 0):
 PSYoungGen      total 33280K, used 4585K [0x00000000e0000000, 0x00000000e2500000, 0x0000000100000000)
  eden space 28672K, 0% used [0x00000000e0000000,0x00000000e0000000,0x00000000e1c00000)
  from space 4608K, 99% used [0x00000000e1c00000,0x00000000e207a650,0x00000000e2080000)
  to   space 4608K, 0% used [0x00000000e2080000,0x00000000e2080000,0x00000000e2500000)
 ParOldGen       total 76800K, used 881K [0x00000000a0000000, 0x00000000a4b00000, 0x00000000e0000000)
  object space 76800K, 1% used [0x00000000a0000000,0x00000000a00dc6f8,0x00000000a4b00000)
 Metaspace       used 10527K, capacity 10864K, committed 11008K, reserved 1058816K
  class space    used 1382K, capacity 1490K, committed 1536K, reserved 1048576K
}
Event: 1.606 GC heap before
{Heap before GC invocations=4 (full 0):
 PSYoungGen      total 33280K, used 33257K [0x00000000e0000000, 0x00000000e2500000, 0x0000000100000000)
  eden space 28672K, 100% used [0x00000000e0000000,0x00000000e1c00000,0x00000000e1c00000)
  from space 4608K, 99% used [0x00000000e1c00000,0x00000000e207a650,0x00000000e2080000)
  to   space 4608K, 0% used [0x00000000e2080000,0x00000000e2080000,0x00000000e2500000)
 ParOldGen       total 76800K, used 881K [0x00000000a0000000, 0x00000000a4b00000, 0x00000000e0000000)
  object space 76800K, 1% used [0x00000000a0000000,0x00000000a00dc6f8,0x00000000a4b00000)
 Metaspace       used 13773K, capacity 14252K, committed 14336K, reserved 1060864K
  class space    used 1877K, capacity 2002K, committed 2048K, reserved 1048576K
Event: 1.611 GC heap after
Heap after GC invocations=4 (full 0):
 PSYoungGen      total 33280K, used 4601K [0x00000000e0000000, 0x00000000e4100000, 0x0000000100000000)
  eden space 28672K, 0% used [0x00000000e0000000,0x00000000e0000000,0x00000000e1c00000)
  from space 4608K, 99% used [0x00000000e2080000,0x00000000e24fe640,0x00000000e2500000)
  to   space 4608K, 0% used [0x00000000e1c00000,0x00000000e1c00000,0x00000000e2080000)
 ParOldGen       total 76800K, used 3301K [0x00000000a0000000, 0x00000000a4b00000, 0x00000000e0000000)
  object space 76800K, 4% used [0x00000000a0000000,0x00000000a0339778,0x00000000a4b00000)
 Metaspace       used 13773K, capacity 14252K, committed 14336K, reserved 1060864K
  class space    used 1877K, capacity 2002K, committed 2048K, reserved 1048576K
}
Event: 1.823 GC heap before
{Heap before GC invocations=5 (full 0):
 PSYoungGen      total 33280K, used 33273K [0x00000000e0000000, 0x00000000e4100000, 0x0000000100000000)
  eden space 28672K, 100% used [0x00000000e0000000,0x00000000e1c00000,0x00000000e1c00000)
  from space 4608K, 99% used [0x00000000e2080000,0x00000000e24fe640,0x00000000e2500000)
  to   space 4608K, 0% used [0x00000000e1c00000,0x00000000e1c00000,0x00000000e2080000)
 ParOldGen       total 76800K, used 3301K [0x00000000a0000000, 0x00000000a4b00000, 0x00000000e0000000)
  object space 76800K, 4% used [0x00000000a0000000,0x00000000a0339778,0x00000000a4b00000)
 Metaspace       used 15976K, capacity 16506K, committed 16896K, reserved 1062912K
  class space    used 2259K, capacity 2439K, committed 2560K, reserved 1048576K
Event: 1.835 GC heap after
Heap after GC invocations=5 (full 0):
 PSYoungGen      total 33280K, used 4601K [0x00000000e0000000, 0x00000000e4a00000, 0x0000000100000000)
  eden space 28672K, 0% used [0x00000000e0000000,0x00000000e0000000,0x00000000e1c00000)
  from space 4608K, 99% used [0x00000000e1c00000,0x00000000e207e640,0x00000000e2080000)
  to   space 9216K, 0% used [0x00000000e4100000,0x00000000e4100000,0x00000000e4a00000)
 ParOldGen       total 76800K, used 6523K [0x00000000a0000000, 0x00000000a4b00000, 0x00000000e0000000)
  object space 76800K, 8% used [0x00000000a0000000,0x00000000a065ed40,0x00000000a4b00000)
 Metaspace       used 15976K, capacity 16506K, committed 16896K, reserved 1062912K
  class space    used 2259K, capacity 2439K, committed 2560K, reserved 1048576K
}

Deoptimization events (10 events):
Event: 1.463 Thread 0x0000000019fab800 Uncommon trap: reason=bimorphic action=maybe_recompile pc=0x000000000302f818 method=java.util.HashMap.putVal(ILjava/lang/Object;Ljava/lang/Object;ZZ)Ljava/lang/Object; @ 253
Event: 1.463 Thread 0x0000000019fab800 Uncommon trap: reason=bimorphic action=maybe_recompile pc=0x000000000302f818 method=java.util.HashMap.putVal(ILjava/lang/Object;Ljava/lang/Object;ZZ)Ljava/lang/Object; @ 253
Event: 1.463 Thread 0x0000000019fab800 Uncommon trap: reason=bimorphic action=maybe_recompile pc=0x000000000302f818 method=java.util.HashMap.putVal(ILjava/lang/Object;Ljava/lang/Object;ZZ)Ljava/lang/Object; @ 253
Event: 1.463 Thread 0x0000000019fab800 Uncommon trap: reason=bimorphic action=maybe_recompile pc=0x000000000302e768 method=java.util.HashMap.putVal(ILjava/lang/Object;Ljava/lang/Object;ZZ)Ljava/lang/Object; @ 253
Event: 1.583 Thread 0x0000000019fab800 Uncommon trap: reason=class_check action=maybe_recompile pc=0x00000000030c265c method=java.util.regex.Matcher.match(II)Z @ 86
Event: 1.592 Thread 0x0000000019fab800 Uncommon trap: reason=class_check action=maybe_recompile pc=0x00000000030c265c method=java.util.regex.Matcher.match(II)Z @ 86
Event: 1.592 Thread 0x0000000019fab800 Uncommon trap: reason=class_check action=maybe_recompile pc=0x00000000030c265c method=java.util.regex.Matcher.match(II)Z @ 86
Event: 1.592 Thread 0x0000000019fab800 Uncommon trap: reason=class_check action=maybe_recompile pc=0x000000000307864c method=java.util.regex.Matcher.match(II)Z @ 86
Event: 1.767 Thread 0x0000000019fab800 Uncommon trap: reason=unstable_if action=reinterpret pc=0x000000000327087c method=java.lang.String.lastIndexOf([CII[CIII)I @ 66
Event: 1.850 Thread 0x0000000019fab800 Uncommon trap: reason=unstable_if action=reinterpret pc=0x000000000326fa9c method=java.util.HashMap.putVal(ILjava/lang/Object;Ljava/lang/Object;ZZ)Ljava/lang/Object; @ 236

Classes redefined (0 events):
No events

Internal exceptions (10 events):
Event: 1.427 Thread 0x0000000019f87000 Exception <a 'java/lang/NoSuchMethodError': <clinit>> (0x00000000e04e4b00) thrown at [D:\src\AOSP-openjdk-cygwin\jdk8u\hotspot\src\share\vm\prims\jni.cpp, line 1614]
Event: 1.428 Thread 0x0000000019f87000 Exception <a 'java/lang/NoSuchMethodError': <clinit>> (0x00000000e04ed790) thrown at [D:\src\AOSP-openjdk-cygwin\jdk8u\hotspot\src\share\vm\prims\jni.cpp, line 1614]
Event: 1.429 Thread 0x0000000019f87000 Exception <a 'java/lang/NoSuchMethodError': <clinit>> (0x00000000e0503d78) thrown at [D:\src\AOSP-openjdk-cygwin\jdk8u\hotspot\src\share\vm\prims\jni.cpp, line 1614]
Event: 1.435 Thread 0x0000000019f87000 Exception <a 'java/lang/NoSuchMethodError': <clinit>> (0x00000000e0561de0) thrown at [D:\src\AOSP-openjdk-cygwin\jdk8u\hotspot\src\share\vm\prims\jni.cpp, line 1614]
Event: 1.440 Thread 0x0000000019f87000 Exception <a 'java/lang/NoSuchMethodError': <clinit>> (0x00000000e058ead8) thrown at [D:\src\AOSP-openjdk-cygwin\jdk8u\hotspot\src\share\vm\prims\jni.cpp, line 1614]
Event: 1.443 Thread 0x0000000019f87000 Exception <a 'java/lang/NoSuchMethodError': <clinit>> (0x00000000e05bd000) thrown at [D:\src\AOSP-openjdk-cygwin\jdk8u\hotspot\src\share\vm\prims\jni.cpp, line 1614]
Event: 1.444 Thread 0x0000000019f87000 Exception <a 'java/lang/NoSuchMethodError': <clinit>> (0x00000000e05c8408) thrown at [D:\src\AOSP-openjdk-cygwin\jdk8u\hotspot\src\share\vm\prims\jni.cpp, line 1614]
Event: 1.743 Thread 0x0000000019fab800 Exception <a 'java/lang/NoSuchMethodError': java.lang.Object.lambda$and$0(Ljava/util/function/Predicate;Ljava/lang/Object;)Z> (0x00000000e155d490) thrown at [D:\src\AOSP-openjdk-cygwin\jdk8u\hotspot\src\share\vm\interpreter\linkResolver.cpp, line 620]
Event: 1.749 Thread 0x0000000019fab800 Exception <a 'java/lang/IncompatibleClassChangeError': Found class java.lang.Object, but interface was expected> (0x00000000e1573780) thrown at [D:\src\AOSP-openjdk-cygwin\jdk8u\hotspot\src\share\vm\interpreter\linkResolver.cpp, line 653]
Event: 1.750 Thread 0x0000000019fab800 Exception <a 'java/lang/NoSuchMethodError': java.lang.Object.lambda$or$2(Ljava/util/function/Predicate;Ljava/lang/Object;)Z> (0x00000000e1578690) thrown at [D:\src\AOSP-openjdk-cygwin\jdk8u\hotspot\src\share\vm\interpreter\linkResolver.cpp, line 620]

Events (10 events):
Event: 1.936 loading class org/gradle/internal/resource/transport/DefaultExternalResourceRepository
Event: 1.936 loading class org/gradle/internal/resource/transport/DefaultExternalResourceRepository done
Event: 1.937 loading class org/gradle/internal/resource/transfer/DefaultCacheAwareExternalResourceAccessor
Event: 1.937 loading class org/gradle/internal/resource/transfer/DefaultCacheAwareExternalResourceAccessor done
Event: 1.937 loading class org/gradle/internal/resource/ExternalResource$ContentAction
Event: 1.937 loading class org/gradle/internal/resource/ExternalResource$ContentAction done
Event: 1.938 loading class org/gradle/api/internal/artifacts/repositories/resolver/DefaultExternalResourceAccessor
Event: 1.938 loading class org/gradle/api/internal/artifacts/repositories/resolver/DefaultExternalResourceAccessor done
Event: 1.939 loading class org/gradle/internal/resource/transfer/CacheAwareExternalResourceAccessor$ResourceFileStore
Event: 1.939 loading class org/gradle/internal/resource/transfer/CacheAwareExternalResourceAccessor$ResourceFileStore done


Dynamic libraries:
0x00007ff7c9730000 - 0x00007ff7c9761000 	C:\Program Files\Android\Android Studio\jre\bin\java.exe
0x00007ffadb4e0000 - 0x00007ffadb6c1000 	C:\WINDOWS\SYSTEM32\ntdll.dll
0x00007ffad8f80000 - 0x00007ffad9031000 	C:\WINDOWS\System32\KERNEL32.DLL
0x00007ffad86f0000 - 0x00007ffad8963000 	C:\WINDOWS\System32\KERNELBASE.dll
0x00007ffada480000 - 0x00007ffada521000 	C:\WINDOWS\System32\ADVAPI32.dll
0x00007ffadb0e0000 - 0x00007ffadb17e000 	C:\WINDOWS\System32\msvcrt.dll
0x00007ffada530000 - 0x00007ffada58b000 	C:\WINDOWS\System32\sechost.dll
0x00007ffad8bd0000 - 0x00007ffad8cf4000 	C:\WINDOWS\System32\RPCRT4.dll
0x00007ffadac50000 - 0x00007ffadade0000 	C:\WINDOWS\System32\USER32.dll
0x00007ffad83e0000 - 0x00007ffad8400000 	C:\WINDOWS\System32\win32u.dll
0x00007ffadaf30000 - 0x00007ffadaf58000 	C:\WINDOWS\System32\GDI32.dll
0x00007ffad8400000 - 0x00007ffad8591000 	C:\WINDOWS\System32\gdi32full.dll
0x00007ffad85a0000 - 0x00007ffad863f000 	C:\WINDOWS\System32\msvcp_win.dll
0x00007ffad82e0000 - 0x00007ffad83d8000 	C:\WINDOWS\System32\ucrtbase.dll
0x00007ffabf340000 - 0x00007ffabf5a9000 	C:\WINDOWS\WinSxS\amd64_microsoft.windows.common-controls_6595b64144ccf1df_6.0.17134.950_none_fb3da4273069d3e0\COMCTL32.dll
0x00007ffadb180000 - 0x00007ffadb4a2000 	C:\WINDOWS\System32\combase.dll
0x00007ffad7960000 - 0x00007ffad79d9000 	C:\WINDOWS\System32\bcryptPrimitives.dll
0x00007ffad8d10000 - 0x00007ffad8d3d000 	C:\WINDOWS\System32\IMM32.DLL
0x0000000065050000 - 0x0000000065122000 	C:\Program Files\Android\Android Studio\jre\jre\bin\msvcr100.dll
0x0000000065130000 - 0x0000000065976000 	C:\Program Files\Android\Android Studio\jre\jre\bin\server\jvm.dll
0x00007ffad8d00000 - 0x00007ffad8d08000 	C:\WINDOWS\System32\PSAPI.DLL
0x00007ffad2760000 - 0x00007ffad276a000 	C:\WINDOWS\SYSTEM32\VERSION.dll
0x00007ffad59c0000 - 0x00007ffad59e3000 	C:\WINDOWS\SYSTEM32\WINMM.dll
0x00007ffac4d20000 - 0x00007ffac4d29000 	C:\WINDOWS\SYSTEM32\WSOCK32.dll
0x00007ffad8970000 - 0x00007ffad89dc000 	C:\WINDOWS\System32\WS2_32.dll
0x00007ffad5520000 - 0x00007ffad554a000 	C:\WINDOWS\SYSTEM32\WINMMBASE.dll
0x00007ffad8640000 - 0x00007ffad8689000 	C:\WINDOWS\System32\cfgmgr32.dll
0x00007ffacf450000 - 0x00007ffacf45f000 	C:\Program Files\Android\Android Studio\jre\jre\bin\verify.dll
0x00007ffacc6c0000 - 0x00007ffacc6e9000 	C:\Program Files\Android\Android Studio\jre\jre\bin\java.dll
0x00007ffacf430000 - 0x00007ffacf446000 	C:\Program Files\Android\Android Studio\jre\jre\bin\zip.dll
0x00007ffad9040000 - 0x00007ffada480000 	C:\WINDOWS\System32\SHELL32.dll
0x00007ffad89e0000 - 0x00007ffad8a89000 	C:\WINDOWS\System32\shcore.dll
0x00007ffad79e0000 - 0x00007ffad80ed000 	C:\WINDOWS\System32\windows.storage.dll
0x00007ffad8ec0000 - 0x00007ffad8f11000 	C:\WINDOWS\System32\shlwapi.dll
0x00007ffad7840000 - 0x00007ffad7851000 	C:\WINDOWS\System32\kernel.appcore.dll
0x00007ffad7860000 - 0x00007ffad787f000 	C:\WINDOWS\System32\profapi.dll
0x00007ffad77f0000 - 0x00007ffad783c000 	C:\WINDOWS\System32\powrprof.dll
0x00007ffad7880000 - 0x00007ffad788a000 	C:\WINDOWS\System32\FLTLIB.DLL
0x00007ffacdc00000 - 0x00007ffacdc1a000 	C:\Program Files\Android\Android Studio\jre\jre\bin\net.dll
0x00007ffacda00000 - 0x00007ffacdbc9000 	C:\WINDOWS\SYSTEM32\urlmon.dll
0x00007ffacd5b0000 - 0x00007ffacd856000 	C:\WINDOWS\SYSTEM32\iertutil.dll
0x00007ffad71e0000 - 0x00007ffad71eb000 	C:\WINDOWS\SYSTEM32\CRYPTBASE.DLL
0x00007ffad7010000 - 0x00007ffad7076000 	C:\WINDOWS\system32\mswsock.dll
0x00007ffacce70000 - 0x00007ffacce83000 	C:\Program Files\Android\Android Studio\jre\jre\bin\nio.dll
0x00007ffacc120000 - 0x00007ffacc146000 	C:\Users\User\.gradle\native\30\windows-amd64\native-platform.dll
0x00007ffacc3c0000 - 0x00007ffacc3cd000 	C:\Program Files\Android\Android Studio\jre\jre\bin\management.dll
0x00007ffad71c0000 - 0x00007ffad71d7000 	C:\WINDOWS\SYSTEM32\CRYPTSP.dll
0x00007ffad6bc0000 - 0x00007ffad6bf3000 	C:\WINDOWS\system32\rsaenh.dll
0x00007ffad72f0000 - 0x00007ffad7315000 	C:\WINDOWS\SYSTEM32\bcrypt.dll
0x00007ffad7720000 - 0x00007ffad7748000 	C:\WINDOWS\SYSTEM32\USERENV.dll
0x00007ffad6d60000 - 0x00007ffad6d98000 	C:\WINDOWS\SYSTEM32\IPHLPAPI.DLL
0x00007ffad8aa0000 - 0x00007ffad8aa8000 	C:\WINDOWS\System32\NSI.dll
0x00007ffad26f0000 - 0x00007ffad2706000 	C:\WINDOWS\SYSTEM32\dhcpcsvc6.DLL
0x00007ffad25f0000 - 0x00007ffad260a000 	C:\WINDOWS\SYSTEM32\dhcpcsvc.DLL

VM Arguments:
jvm_args: -Xmx1536m -Dfile.encoding=x-windows-949 -Duser.country=KR -Duser.language=ko -Duser.variant 
java_command: org.gradle.launcher.daemon.bootstrap.GradleDaemon 5.6.4
java_class_path (initial): C:\Users\User\.gradle\wrapper\dists\gradle-5.6.4-all\ankdp27end7byghfw1q2sw75f\gradle-5.6.4\lib\gradle-launcher-5.6.4.jar
Launcher Type: SUN_STANDARD

Environment Variables:
JAVA_HOME=C:\Program Files\Java\jdk-14
CLASSPATH=C:\Program Files\Java\jdk-14\lib
PATH=C:\app\User\product\18.0.0\dbhomeXE\bin;C:\WINDOWS\system32;C:\WINDOWS;C:\WINDOWS\System32\Wbem;C:\WINDOWS\System32\WindowsPowerShell\v1.0\;C:\WINDOWS\System32\OpenSSH\;C:\Program Files\Java\jdk-14\bin;C:\Program Files\Git\cmd;C:\Users\User\AppData\Local\Microsoft\WindowsApps;
USERNAME=User
OS=Windows_NT
PROCESSOR_IDENTIFIER=AMD64 Family 23 Model 17 Stepping 0, AuthenticAMD



---------------  S Y S T E M  ---------------

OS: Windows 10.0 , 64 bit Build 17134 (10.0.17134.753)

CPU:total 4 (initial active 4) (4 cores per cpu, 1 threads per core) family 23 model 17 stepping 0, cmov, cx8, fxsr, mmx, sse, sse2, sse3, ssse3, sse4.1, sse4.2, popcnt, avx, avx2, aes, clmul, mmxext, 3dnowpref, lzcnt, sse4a, tsc, tscinvbit, tscinv, bmi1

Memory: 4k page, physical 7283056k(2158984k free), swap 9228656k(5912k free)

vm_info: OpenJDK 64-Bit Server VM (25.212-b04) for windows-amd64 JRE (1.8.0_212-release-1586-b04), built by "builder" with MS VC++ 10.0 (VS2010)

time: Mon Apr 20 17:16:32 2020
timezone: 대한민국 표준시
elapsed time: 1 seconds (0d 0h 0m 1s)

