#
# There is insufficient memory for the Java Runtime Environment to continue.
# Native memory allocation (malloc) failed to allocate 1327296 bytes for Chunk::new
# Possible reasons:
#   The system is out of physical RAM or swap space
#   The process is running with CompressedOops enabled, and the Java Heap may be blocking the growth of the native heap
# Possible solutions:
#   Reduce memory load on the system
#   Increase physical memory or swap space
#   Check if swap backing store is full
#   Decrease Java heap size (-Xmx/-Xms)
#   Decrease number of Java threads
#   Decrease Java thread stack sizes (-Xss)
#   Set larger code cache with -XX:ReservedCodeCacheSize=
#   JVM is running with Unscaled Compressed Oops mode in which the Java heap is
#     placed in the first 4GB address space. The Java Heap base address is the
#     maximum limit for the native heap growth. Please use -XX:HeapBaseMinAddress
#     to set the Java Heap base and to place the Java Heap above 4GB virtual address.
# This output file may be truncated or incomplete.
#
#  Out of Memory Error (allocation.cpp:389), pid=8584, tid=0x0000000000000a34
#
# JRE version: OpenJDK Runtime Environment (8.0_212-b04) (build 1.8.0_212-release-1586-b04)
# Java VM: OpenJDK 64-Bit Server VM (25.212-b04 mixed mode windows-amd64 compressed oops)
# Failed to write core dump. Minidumps are not enabled by default on client versions of Windows
#

---------------  T H R E A D  ---------------

Current thread (0x00000000168be000):  JavaThread "C2 CompilerThread0" daemon [_thread_in_native, id=2612, stack(0x0000000018210000,0x0000000018310000)]

Stack: [0x0000000018210000,0x0000000018310000]
[error occurred during error reporting (printing stack bounds), id 0xc0000005]

Native frames: (J=compiled Java code, j=interpreted, Vv=VM code, C=native code)


Current CompileTask:
C2:   4998 3285       4       groovy.lang.MetaClassImpl$1MOPIter::methodNameAction (325 bytes)


---------------  P R O C E S S  ---------------

Java Threads: ( => current thread )
  0x000000001d72a800 JavaThread "Unknown thread" [_thread_blocked, id=16040, stack(0x000000001fa80000,0x000000001fb80000)]
  0x000000001d727800 JavaThread "Unknown thread" [_thread_blocked, id=10008, stack(0x000000001f980000,0x000000001fa80000)]
  0x000000001d729800 JavaThread "org.apache.maven.settings.building" daemon [_thread_blocked, id=14520, stack(0x000000001f880000,0x000000001f980000)]
  0x000000001d729000 JavaThread "Unknown thread" [_thread_blocked, id=13836, stack(0x000000001f780000,0x000000001f880000)]
  0x000000001d72d800 JavaThread "Unknown thread" [_thread_blocked, id=4260, stack(0x000000001f480000,0x000000001f580000)]
  0x000000001a273800 
[error occurred during error reporting (printing all threads), id 0xc0000005]

VM state:at safepoint (normal execution)

VM Mutex/Monitor currently owned by a thread:  ([mutex/lock_event])
[0x0000000000c4c410] Threads_lock - owner thread: 0x0000000016876000
[0x0000000000c4ca10] Heap_lock - owner thread: 0x0000000019f61800

heap address: 0x00000000a0000000, size: 1536 MB, Compressed Oops mode: 32-bit
Narrow klass base: 0x0000000000000000, Narrow klass shift: 3
Compressed class space size: 1073741824 Address: 0x0000000100000000

Heap:
 PSYoungGen      total 66560K, used 1952K [0x00000000e0000000, 0x00000000e4c00000, 0x0000000100000000)
  eden space 56320K, 0% used [0x00000000e0000000,0x00000000e0000000,0x00000000e3700000)
  from space 10240K, 19% used [0x00000000e3700000,0x00000000e38e8000,0x00000000e4100000)
  to   space 9216K, 0% used [0x00000000e4100000,0x00000000e4100000,0x00000000e4a00000)
 ParOldGen       total 52736K, used 15351K [0x00000000a0000000, 0x00000000a3380000, 0x00000000e0000000)
  object space 52736K, 29% used [0x00000000a0000000,0x00000000a0efdc68,0x00000000a3380000)
 Metaspace       used 34610K, capacity 35432K, committed 35496K, reserved 1079296K
  class space    used 4744K, capacity 4961K, committed 4992K, reserved 1048576K

Card table byte_map: [0x0000000012300000,0x0000000012610000] byte_map_base: 0x0000000011e00000

Marking Bits: (ParMarkBitMap*) 0x00000000658f9f30
 Begin Bits: [0x0000000012c10000, 0x0000000014410000)
 End Bits:   [0x0000000014410000, 0x0000000015c10000)

Polling page: 0x00000000007f0000

CodeCache: size=245760Kb used=11716Kb max_used=11728Kb free=234043Kb
 bounds [0x0000000002f40000, 0x0000000003ac0000, 0x0000000011f40000]
 total_blobs=4006 nmethods=3305 adapters=614
 compilation: enabled

Compilation events (10 events):
Event: 4.915 Thread 0x0000000017c26000 nmethod 3333 0x0000000003ab7110 code [0x0000000003ab72a0, 0x0000000003ab78f0]
Event: 4.916 Thread 0x0000000017c26000 3334  s    3       java.io.ByteArrayOutputStream::toByteArray (12 bytes)
Event: 4.917 Thread 0x0000000017c26000 nmethod 3334 0x0000000003ab7a10 code [0x0000000003ab7ba0, 0x0000000003ab80c8]
Event: 4.917 Thread 0x0000000017c26000 3335       3       java.lang.reflect.WeakCache$CacheKey::<init> (15 bytes)
Event: 4.918 Thread 0x0000000017c26000 nmethod 3335 0x0000000003ab8290 code [0x0000000003ab8420, 0x0000000003ab8768]
Event: 4.918 Thread 0x0000000017c26000 3336       3       java.lang.reflect.WeakCache$CacheKey::equals (46 bytes)
Event: 4.918 Thread 0x0000000017c26000 nmethod 3336 0x0000000003ab88d0 code [0x0000000003ab8a40, 0x0000000003ab9030]
Event: 4.919 Thread 0x000000001690c000 3337       4       org.objectweb.asm.ByteVector::put12 (64 bytes)
Event: 4.920 Thread 0x000000001690c000 nmethod 3337 0x0000000003abbe90 code [0x0000000003abbfe0, 0x0000000003abc188]
Event: 4.920 Thread 0x000000001690c000 3338       4       org.objectweb.asm.Frame::execute (2318 bytes)

GC Heap History (10 events):
Event: 2.677 GC heap after
Heap after GC invocations=8 (full 1):
 PSYoungGen      total 66560K, used 0K [0x00000000e0000000, 0x00000000e4c00000, 0x0000000100000000)
  eden space 56320K, 0% used [0x00000000e0000000,0x00000000e0000000,0x00000000e3700000)
  from space 10240K, 0% used [0x00000000e3700000,0x00000000e3700000,0x00000000e4100000)
  to   space 9216K, 0% used [0x00000000e4100000,0x00000000e4100000,0x00000000e4a00000)
 ParOldGen       total 52736K, used 8976K [0x00000000a0000000, 0x00000000a3380000, 0x00000000e0000000)
  object space 52736K, 17% used [0x00000000a0000000,0x00000000a08c4370,0x00000000a3380000)
 Metaspace       used 20658K, capacity 21182K, committed 21296K, reserved 1067008K
  class space    used 2977K, capacity 3133K, committed 3200K, reserved 1048576K
}
Event: 3.348 GC heap before
{Heap before GC invocations=9 (full 1):
 PSYoungGen      total 66560K, used 56320K [0x00000000e0000000, 0x00000000e4c00000, 0x0000000100000000)
  eden space 56320K, 100% used [0x00000000e0000000,0x00000000e3700000,0x00000000e3700000)
  from space 10240K, 0% used [0x00000000e3700000,0x00000000e3700000,0x00000000e4100000)
  to   space 9216K, 0% used [0x00000000e4100000,0x00000000e4100000,0x00000000e4a00000)
 ParOldGen       total 52736K, used 8976K [0x00000000a0000000, 0x00000000a3380000, 0x00000000e0000000)
  object space 52736K, 17% used [0x00000000a0000000,0x00000000a08c4370,0x00000000a3380000)
 Metaspace       used 28221K, capacity 28764K, committed 28928K, reserved 1075200K
  class space    used 3868K, capacity 4035K, committed 4096K, reserved 1048576K
Event: 3.354 GC heap after
Heap after GC invocations=9 (full 1):
 PSYoungGen      total 65536K, used 7463K [0x00000000e0000000, 0x00000000e4c00000, 0x0000000100000000)
  eden space 56320K, 0% used [0x00000000e0000000,0x00000000e0000000,0x00000000e3700000)
  from space 9216K, 80% used [0x00000000e4100000,0x00000000e4849d58,0x00000000e4a00000)
  to   space 10240K, 0% used [0x00000000e3700000,0x00000000e3700000,0x00000000e4100000)
 ParOldGen       total 52736K, used 8984K [0x00000000a0000000, 0x00000000a3380000, 0x00000000e0000000)
  object space 52736K, 17% used [0x00000000a0000000,0x00000000a08c6370,0x00000000a3380000)
 Metaspace       used 28221K, capacity 28764K, committed 28928K, reserved 1075200K
  class space    used 3868K, capacity 4035K, committed 4096K, reserved 1048576K
}
Event: 3.858 GC heap before
{Heap before GC invocations=10 (full 1):
 PSYoungGen      total 65536K, used 63783K [0x00000000e0000000, 0x00000000e4c00000, 0x0000000100000000)
  eden space 56320K, 100% used [0x00000000e0000000,0x00000000e3700000,0x00000000e3700000)
  from space 9216K, 80% used [0x00000000e4100000,0x00000000e4849d58,0x00000000e4a00000)
  to   space 10240K, 0% used [0x00000000e3700000,0x00000000e3700000,0x00000000e4100000)
 ParOldGen       total 52736K, used 8984K [0x00000000a0000000, 0x00000000a3380000, 0x00000000e0000000)
  object space 52736K, 17% used [0x00000000a0000000,0x00000000a08c6370,0x00000000a3380000)
 Metaspace       used 31394K, capacity 32000K, committed 32256K, reserved 1077248K
  class space    used 4287K, capacity 4495K, committed 4608K, reserved 1048576K
Event: 3.874 GC heap after
Heap after GC invocations=10 (full 1):
 PSYoungGen      total 66560K, used 7883K [0x00000000e0000000, 0x00000000e4c00000, 0x0000000100000000)
  eden space 56320K, 0% used [0x00000000e0000000,0x00000000e0000000,0x00000000e3700000)
  from space 10240K, 76% used [0x00000000e3700000,0x00000000e3eb2dc8,0x00000000e4100000)
  to   space 9216K, 0% used [0x00000000e4100000,0x00000000e4100000,0x00000000e4a00000)
 ParOldGen       total 52736K, used 8992K [0x00000000a0000000, 0x00000000a3380000, 0x00000000e0000000)
  object space 52736K, 17% used [0x00000000a0000000,0x00000000a08c8370,0x00000000a3380000)
 Metaspace       used 31394K, capacity 32000K, committed 32256K, reserved 1077248K
  class space    used 4287K, capacity 4495K, committed 4608K, reserved 1048576K
}
Event: 4.537 GC heap before
{Heap before GC invocations=11 (full 1):
 PSYoungGen      total 66560K, used 64203K [0x00000000e0000000, 0x00000000e4c00000, 0x0000000100000000)
  eden space 56320K, 100% used [0x00000000e0000000,0x00000000e3700000,0x00000000e3700000)
  from space 10240K, 76% used [0x00000000e3700000,0x00000000e3eb2dc8,0x00000000e4100000)
  to   space 9216K, 0% used [0x00000000e4100000,0x00000000e4100000,0x00000000e4a00000)
 ParOldGen       total 52736K, used 8992K [0x00000000a0000000, 0x00000000a3380000, 0x00000000e0000000)
  object space 52736K, 17% used [0x00000000a0000000,0x00000000a08c8370,0x00000000a3380000)
 Metaspace       used 34239K, capacity 35044K, committed 35200K, reserved 1079296K
  class space    used 4695K, capacity 4919K, committed 4992K, reserved 1048576K
Event: 4.543 GC heap after
Heap after GC invocations=11 (full 1):
 PSYoungGen      total 65536K, used 5661K [0x00000000e0000000, 0x00000000e4c00000, 0x0000000100000000)
  eden space 56320K, 0% used [0x00000000e0000000,0x00000000e0000000,0x00000000e3700000)
  from space 9216K, 61% used [0x00000000e4100000,0x00000000e46877d8,0x00000000e4a00000)
  to   space 10240K, 0% used [0x00000000e3700000,0x00000000e3700000,0x00000000e4100000)
 ParOldGen       total 52736K, used 12364K [0x00000000a0000000, 0x00000000a3380000, 0x00000000e0000000)
  object space 52736K, 23% used [0x00000000a0000000,0x00000000a0c133a0,0x00000000a3380000)
 Metaspace       used 34239K, capacity 35044K, committed 35200K, reserved 1079296K
  class space    used 4695K, capacity 4919K, committed 4992K, reserved 1048576K
}
Event: 4.920 GC heap before
{Heap before GC invocations=12 (full 1):
 PSYoungGen      total 65536K, used 20460K [0x00000000e0000000, 0x00000000e4c00000, 0x0000000100000000)
  eden space 56320K, 26% used [0x00000000e0000000,0x00000000e0e73b28,0x00000000e3700000)
  from space 9216K, 61% used [0x00000000e4100000,0x00000000e46877d8,0x00000000e4a00000)
  to   space 10240K, 0% used [0x00000000e3700000,0x00000000e3700000,0x00000000e4100000)
 ParOldGen       total 52736K, used 12364K [0x00000000a0000000, 0x00000000a3380000, 0x00000000e0000000)
  object space 52736K, 23% used [0x00000000a0000000,0x00000000a0c133a0,0x00000000a3380000)
 Metaspace       used 34610K, capacity 35432K, committed 35496K, reserved 1079296K
  class space    used 4744K, capacity 4961K, committed 4992K, reserved 1048576K
Event: 4.948 GC heap after
Heap after GC invocations=12 (full 1):
 PSYoungGen      total 66560K, used 1952K [0x00000000e0000000, 0x00000000e4c00000, 0x0000000100000000)
  eden space 56320K, 0% used [0x00000000e0000000,0x00000000e0000000,0x00000000e3700000)
  from space 10240K, 19% used [0x00000000e3700000,0x00000000e38e8000,0x00000000e4100000)
  to   space 9216K, 0% used [0x00000000e4100000,0x00000000e4100000,0x00000000e4a00000)
 ParOldGen       total 52736K, used 15351K [0x00000000a0000000, 0x00000000a3380000, 0x00000000e0000000)
  object space 52736K, 29% used [0x00000000a0000000,0x00000000a0efdc68,0x00000000a3380000)
 Metaspace       used 34610K, capacity 35432K, committed 35496K, reserved 1079296K
  class space    used 4744K, capacity 4961K, committed 4992K, reserved 1048576K
}
Event: 4.948 GC heap before
{Heap before GC invocations=13 (full 2):
 PSYoungGen      total 66560K, used 1952K [0x00000000e0000000, 0x00000000e4c00000, 0x0000000100000000)
  eden space 56320K, 0% used [0x00000000e0000000,0x00000000e0000000,0x00000000e3700000)
  from space 10240K, 19% used [0x00000000e3700000,0x00000000e38e8000,0x00000000e4100000)
  to   space 9216K, 0% used [0x00000000e4100000,0x00000000e4100000,0x00000000e4a00000)
 ParOldGen       total 52736K, used 15351K [0x00000000a0000000, 0x00000000a3380000, 0x00000000e0000000)
  object space 52736K, 29% used [0x00000000a0000000,0x00000000a0efdc68,0x00000000a3380000)
 Metaspace       used 34610K, capacity 35432K, committed 35496K, reserved 1079296K
  class space    used 4744K, capacity 4961K, committed 4992K, reserved 1048576K

Deoptimization events (10 events):
Event: 3.419 Thread 0x0000000019f61800 Uncommon trap: reason=class_check action=maybe_recompile pc=0x0000000003589838 method=sun.misc.URLClassPath.getLoader(I)Lsun/misc/URLClassPath$Loader; @ 239
Event: 3.492 Thread 0x0000000019f61800 Uncommon trap: reason=unstable_if action=reinterpret pc=0x00000000031fc69c method=java.io.WinNTFileSystem.resolve(Ljava/lang/String;Ljava/lang/String;)Ljava/lang/String; @ 49
Event: 4.502 Thread 0x0000000019f61800 Uncommon trap: reason=unstable_if action=reinterpret pc=0x00000000034f36ec method=java.util.concurrent.ConcurrentHashMap.putVal(Ljava/lang/Object;Ljava/lang/Object;Z)Ljava/lang/Object; @ 98
Event: 4.502 Thread 0x0000000019f61800 Uncommon trap: reason=unstable_if action=reinterpret pc=0x000000000392846c method=java.util.concurrent.ConcurrentHashMap.get(Ljava/lang/Object;)Ljava/lang/Object; @ 86
Event: 4.503 Thread 0x000000001d729800 Uncommon trap: reason=unstable_if action=reinterpret pc=0x0000000003410190 method=java.util.concurrent.ConcurrentHashMap.addCount(JI)V @ 168
Event: 4.503 Thread 0x000000001d729800 Uncommon trap: reason=unstable_if action=reinterpret pc=0x000000000344d910 method=java.util.concurrent.ConcurrentHashMap.transfer([Ljava/util/concurrent/ConcurrentHashMap$Node;[Ljava/util/concurrent/ConcurrentHashMap$Node;)V @ 34
Event: 4.506 Thread 0x000000001d729000 Uncommon trap: reason=unstable_if action=reinterpret pc=0x000000000344d978 method=java.util.concurrent.ConcurrentHashMap.transfer([Ljava/util/concurrent/ConcurrentHashMap$Node;[Ljava/util/concurrent/ConcurrentHashMap$Node;)V @ 277
Event: 4.506 Thread 0x000000001d729000 Uncommon trap: reason=unstable_if action=reinterpret pc=0x0000000003410190 method=java.util.concurrent.ConcurrentHashMap.addCount(JI)V @ 168
Event: 4.884 Thread 0x0000000019f61800 Uncommon trap: reason=bimorphic action=maybe_recompile pc=0x000000000374fd08 method=java.util.AbstractCollection.addAll(Ljava/util/Collection;)Z @ 29
Event: 4.919 Thread 0x0000000019f61800 Uncommon trap: reason=range_check action=make_not_entrant pc=0x00000000038e9d40 method=java.lang.String.charAt(I)C @ 27

Classes redefined (0 events):
No events

Internal exceptions (10 events):
Event: 4.841 Thread 0x0000000019f61800 Exception <a 'java/security/PrivilegedActionException'> (0x00000000e09d8268) thrown at [D:\src\AOSP-openjdk-cygwin\jdk8u\hotspot\src\share\vm\prims\jvm.cpp, line 1502]
Event: 4.841 Thread 0x0000000019f61800 Exception <a 'java/security/PrivilegedActionException'> (0x00000000e09d8e00) thrown at [D:\src\AOSP-openjdk-cygwin\jdk8u\hotspot\src\share\vm\prims\jvm.cpp, line 1502]
Event: 4.841 Thread 0x0000000019f61800 Exception <a 'java/security/PrivilegedActionException'> (0x00000000e09dbac8) thrown at [D:\src\AOSP-openjdk-cygwin\jdk8u\hotspot\src\share\vm\prims\jvm.cpp, line 1502]
Event: 4.841 Thread 0x0000000019f61800 Exception <a 'java/security/PrivilegedActionException'> (0x00000000e09dc660) thrown at [D:\src\AOSP-openjdk-cygwin\jdk8u\hotspot\src\share\vm\prims\jvm.cpp, line 1502]
Event: 4.842 Thread 0x0000000019f61800 Exception <a 'java/security/PrivilegedActionException'> (0x00000000e09df418) thrown at [D:\src\AOSP-openjdk-cygwin\jdk8u\hotspot\src\share\vm\prims\jvm.cpp, line 1502]
Event: 4.842 Thread 0x0000000019f61800 Exception <a 'java/security/PrivilegedActionException'> (0x00000000e09dffb0) thrown at [D:\src\AOSP-openjdk-cygwin\jdk8u\hotspot\src\share\vm\prims\jvm.cpp, line 1502]
Event: 4.859 Thread 0x0000000019f61800 Exception <a 'java/lang/ClassNotFoundException': org/gradle/api/internal/project/DefaultProject_DecoratedBeanInfo> (0x00000000e09f6b58) thrown at [D:\src\AOSP-openjdk-cygwin\jdk8u\hotspot\src\share\vm\classfile\systemDictionary.cpp, line 210]
Event: 4.860 Thread 0x0000000019f61800 Exception <a 'java/lang/ClassNotFoundException': org/gradle/api/internal/project/DefaultProjectBeanInfo> (0x00000000e0a2d6f0) thrown at [D:\src\AOSP-openjdk-cygwin\jdk8u\hotspot\src\share\vm\classfile\systemDictionary.cpp, line 210]
Event: 4.861 Thread 0x0000000019f61800 Exception <a 'java/lang/ClassNotFoundException': org/gradle/api/internal/project/DefaultProjectCustomizer> (0x00000000e0a65ca0) thrown at [D:\src\AOSP-openjdk-cygwin\jdk8u\hotspot\src\share\vm\classfile\systemDictionary.cpp, line 210]
Event: 4.868 Thread 0x0000000019f61800 Exception <a 'java/lang/ClassNotFoundException': org/gradle/api/internal/project/DefaultProject_DecoratedCustomizer> (0x00000000e0b722c8) thrown at [D:\src\AOSP-openjdk-cygwin\jdk8u\hotspot\src\share\vm\classfile\systemDictionary.cpp, line 210]

Events (10 events):
Event: 4.906 loading class org/gradle/api/internal/tasks/DefaultTaskDependency
Event: 4.906 loading class org/gradle/api/internal/tasks/DefaultTaskDependency done
Event: 4.907 loading class org/gradle/api/internal/tasks/TaskStateInternal
Event: 4.907 loading class org/gradle/api/internal/tasks/TaskStateInternal done
Event: 4.909 loading class org/gradle/api/tasks/TaskAction
Event: 4.909 loading class org/gradle/api/tasks/TaskAction done
Event: 4.919 Thread 0x0000000019f61800 Uncommon trap: trap_request=0xffffffe4 fr.pc=0x00000000038e9d40
Event: 4.919 Thread 0x0000000019f61800 DEOPT PACKING pc=0x00000000038e9d40 sp=0x000000001ba79950
Event: 4.919 Thread 0x0000000019f61800 DEOPT UNPACKING pc=0x0000000002f8557b sp=0x000000001ba79830 mode 2
Event: 4.920 Executing VM operation: CollectForMetadataAllocation


Dynamic libraries:
0x00007ff7c9730000 - 0x00007ff7c9761000 	C:\Program Files\Android\Android Studio\jre\bin\java.exe
0x00007ffadb4e0000 - 0x00007ffadb6c1000 	C:\WINDOWS\SYSTEM32\ntdll.dll
0x00007ffad8f80000 - 0x00007ffad9031000 	C:\WINDOWS\System32\KERNEL32.DLL
0x00007ffad86f0000 - 0x00007ffad8963000 	C:\WINDOWS\System32\KERNELBASE.dll
0x00007ffada480000 - 0x00007ffada521000 	C:\WINDOWS\System32\ADVAPI32.dll
0x00007ffadb0e0000 - 0x00007ffadb17e000 	C:\WINDOWS\System32\msvcrt.dll
0x00007ffada530000 - 0x00007ffada58b000 	C:\WINDOWS\System32\sechost.dll
0x00007ffad8bd0000 - 0x00007ffad8cf4000 	C:\WINDOWS\System32\RPCRT4.dll
0x00007ffadac50000 - 0x00007ffadade0000 	C:\WINDOWS\System32\USER32.dll
0x00007ffad83e0000 - 0x00007ffad8400000 	C:\WINDOWS\System32\win32u.dll
0x00007ffadaf30000 - 0x00007ffadaf58000 	C:\WINDOWS\System32\GDI32.dll
0x00007ffad8400000 - 0x00007ffad8591000 	C:\WINDOWS\System32\gdi32full.dll
0x00007ffad85a0000 - 0x00007ffad863f000 	C:\WINDOWS\System32\msvcp_win.dll
0x00007ffad82e0000 - 0x00007ffad83d8000 	C:\WINDOWS\System32\ucrtbase.dll
0x00007ffabf340000 - 0x00007ffabf5a9000 	C:\WINDOWS\WinSxS\amd64_microsoft.windows.common-controls_6595b64144ccf1df_6.0.17134.950_none_fb3da4273069d3e0\COMCTL32.dll
0x00007ffadb180000 - 0x00007ffadb4a2000 	C:\WINDOWS\System32\combase.dll
0x00007ffad7960000 - 0x00007ffad79d9000 	C:\WINDOWS\System32\bcryptPrimitives.dll
0x00007ffad8d10000 - 0x00007ffad8d3d000 	C:\WINDOWS\System32\IMM32.DLL
0x0000000065050000 - 0x0000000065122000 	C:\Program Files\Android\Android Studio\jre\jre\bin\msvcr100.dll
0x0000000065130000 - 0x0000000065976000 	C:\Program Files\Android\Android Studio\jre\jre\bin\server\jvm.dll
0x00007ffad8d00000 - 0x00007ffad8d08000 	C:\WINDOWS\System32\PSAPI.DLL
0x00007ffad2760000 - 0x00007ffad276a000 	C:\WINDOWS\SYSTEM32\VERSION.dll
0x00007ffad59c0000 - 0x00007ffad59e3000 	C:\WINDOWS\SYSTEM32\WINMM.dll
0x00007ffac4d20000 - 0x00007ffac4d29000 	C:\WINDOWS\SYSTEM32\WSOCK32.dll
0x00007ffad8970000 - 0x00007ffad89dc000 	C:\WINDOWS\System32\WS2_32.dll
0x00007ffad5520000 - 0x00007ffad554a000 	C:\WINDOWS\SYSTEM32\winmmbase.dll
0x00007ffad8640000 - 0x00007ffad8689000 	C:\WINDOWS\System32\cfgmgr32.dll
0x00007ffacf450000 - 0x00007ffacf45f000 	C:\Program Files\Android\Android Studio\jre\jre\bin\verify.dll
0x00007ffacc6c0000 - 0x00007ffacc6e9000 	C:\Program Files\Android\Android Studio\jre\jre\bin\java.dll
0x00007ffacf430000 - 0x00007ffacf446000 	C:\Program Files\Android\Android Studio\jre\jre\bin\zip.dll
0x00007ffad9040000 - 0x00007ffada480000 	C:\WINDOWS\System32\SHELL32.dll
0x00007ffad89e0000 - 0x00007ffad8a89000 	C:\WINDOWS\System32\shcore.dll
0x00007ffad79e0000 - 0x00007ffad80ed000 	C:\WINDOWS\System32\windows.storage.dll
0x00007ffad8ec0000 - 0x00007ffad8f11000 	C:\WINDOWS\System32\shlwapi.dll
0x00007ffad7840000 - 0x00007ffad7851000 	C:\WINDOWS\System32\kernel.appcore.dll
0x00007ffad7860000 - 0x00007ffad787f000 	C:\WINDOWS\System32\profapi.dll
0x00007ffad77f0000 - 0x00007ffad783c000 	C:\WINDOWS\System32\powrprof.dll
0x00007ffad7880000 - 0x00007ffad788a000 	C:\WINDOWS\System32\FLTLIB.DLL
0x00007ffacdc00000 - 0x00007ffacdc1a000 	C:\Program Files\Android\Android Studio\jre\jre\bin\net.dll
0x00007ffacda00000 - 0x00007ffacdbc9000 	C:\WINDOWS\SYSTEM32\urlmon.dll
0x00007ffacd5b0000 - 0x00007ffacd856000 	C:\WINDOWS\SYSTEM32\iertutil.dll
0x00007ffad71e0000 - 0x00007ffad71eb000 	C:\WINDOWS\SYSTEM32\CRYPTBASE.DLL
0x00007ffad7010000 - 0x00007ffad7076000 	C:\WINDOWS\system32\mswsock.dll
0x00007ffacce70000 - 0x00007ffacce83000 	C:\Program Files\Android\Android Studio\jre\jre\bin\nio.dll
0x00007ffacc120000 - 0x00007ffacc146000 	C:\Users\User\.gradle\native\30\windows-amd64\native-platform.dll
0x00007ffacc3c0000 - 0x00007ffacc3cd000 	C:\Program Files\Android\Android Studio\jre\jre\bin\management.dll
0x00007ffad71c0000 - 0x00007ffad71d7000 	C:\WINDOWS\SYSTEM32\CRYPTSP.dll
0x00007ffad6bc0000 - 0x00007ffad6bf3000 	C:\WINDOWS\system32\rsaenh.dll
0x00007ffad72f0000 - 0x00007ffad7315000 	C:\WINDOWS\SYSTEM32\bcrypt.dll
0x00007ffad7720000 - 0x00007ffad7748000 	C:\WINDOWS\SYSTEM32\USERENV.dll
0x00007ffad6d60000 - 0x00007ffad6d98000 	C:\WINDOWS\SYSTEM32\IPHLPAPI.DLL
0x00007ffad8aa0000 - 0x00007ffad8aa8000 	C:\WINDOWS\System32\NSI.dll
0x00007ffad26f0000 - 0x00007ffad2706000 	C:\WINDOWS\SYSTEM32\dhcpcsvc6.DLL
0x00007ffad25f0000 - 0x00007ffad260a000 	C:\WINDOWS\SYSTEM32\dhcpcsvc.DLL

VM Arguments:
jvm_args: -Xmx1536m -Dfile.encoding=x-windows-949 -Duser.country=KR -Duser.language=ko -Duser.variant 
java_command: org.gradle.launcher.daemon.bootstrap.GradleDaemon 5.6.4
java_class_path (initial): C:\Users\User\.gradle\wrapper\dists\gradle-5.6.4-all\ankdp27end7byghfw1q2sw75f\gradle-5.6.4\lib\gradle-launcher-5.6.4.jar
Launcher Type: SUN_STANDARD

Environment Variables:
JAVA_HOME=C:\Program Files\Java\jdk-14
CLASSPATH=C:\Program Files\Java\jdk-14\lib
PATH=C:\app\User\product\18.0.0\dbhomeXE\bin;C:\WINDOWS\system32;C:\WINDOWS;C:\WINDOWS\System32\Wbem;C:\WINDOWS\System32\WindowsPowerShell\v1.0\;C:\WINDOWS\System32\OpenSSH\;C:\Program Files\Java\jdk-14\bin;C:\Program Files\Git\cmd;C:\Users\User\AppData\Local\Microsoft\WindowsApps;
USERNAME=User
OS=Windows_NT
PROCESSOR_IDENTIFIER=AMD64 Family 23 Model 17 Stepping 0, AuthenticAMD



---------------  S Y S T E M  ---------------

OS: Windows 10.0 , 64 bit Build 17134 (10.0.17134.753)

CPU:total 4 (initial active 4) (4 cores per cpu, 1 threads per core) family 23 model 17 stepping 0, cmov, cx8, fxsr, mmx, sse, sse2, sse3, ssse3, sse4.1, sse4.2, popcnt, avx, avx2, aes, clmul, mmxext, 3dnowpref, lzcnt, sse4a, tsc, tscinvbit, tscinv, bmi1

Memory: 4k page, physical 7283056k(2136524k free), swap 9228656k(6068k free)

vm_info: OpenJDK 64-Bit Server VM (25.212-b04) for windows-amd64 JRE (1.8.0_212-release-1586-b04), built by "builder" with MS VC++ 10.0 (VS2010)

time: Mon Apr 20 17:15:22 2020
timezone: 대한민국 표준시
elapsed time: 5 seconds (0d 0h 0m 5s)

